<?xml version="1.0" encoding="UTF-8"?>
<!-- Generated by org.testng.reporters.JUnitReportReporter -->
<testsuite skipped="0" hostname="Sonali" name="DriverUtil.Initialization" tests="1" failures="0" timestamp="06 Feb 2018 16:17:28 GMT" time="0.031" errors="0">
  <testcase name="f" time="0.031" classname="DriverUtil.Initialization"/>
</testsuite> <!-- DriverUtil.Initialization -->
